<?xml version="1.0" encoding="UTF-8"?>
<testsuite name="FighterTest" tests="5" skipped="0" failures="0" errors="0" timestamp="2021-10-27T23:36:34" hostname="Erics-MacBook-Pro.local" time="0.063">
  <properties/>
  <testcase name="testFighterVulnerableByDefault" classname="FighterTest" time="0.056"/>
  <testcase name="testToString" classname="FighterTest" time="0.003"/>
  <testcase name="testWarriorsDamagePoints" classname="FighterTest" time="0.002"/>
  <testcase name="testWizardsDamagePoints" classname="FighterTest" time="0.0"/>
  <testcase name="testWizardVulnerable" classname="FighterTest" time="0.0"/>
  <system-out><![CDATA[]]></system-out>
  <system-err><![CDATA[]]></system-err>
</testsuite>
