<?xml version="1.0" encoding="UTF-8"?>
<testsuite name="RemoteControlCarTest" tests="3" skipped="0" failures="0" errors="0" timestamp="2021-10-25T23:11:47" hostname="Erics-MacBook-Pro.local" time="0.098">
  <properties/>
  <testcase name="race" classname="RemoteControlCarTest" time="0.091"/>
  <testcase name="rankCars" classname="RemoteControlCarTest" time="0.002"/>
  <testcase name="ensureCarsAreComparables" classname="RemoteControlCarTest" time="0.004"/>
  <system-out><![CDATA[]]></system-out>
  <system-err><![CDATA[]]></system-err>
</testsuite>
